2022-10-09 00:31:00 info: =================================
2022-10-09 00:31:00 info: ======= ENV: development =======
2022-10-09 00:31:00 info: 🚀 App listening on the port 9090
2022-10-09 00:31:00 info: =================================
2022-10-09 00:31:01 info: ====== Connected to mongo cluster: donate ========
2022-10-09 00:31:01 info: =================================
2022-10-09 00:34:01 info: =================================
2022-10-09 00:34:01 info: ======= ENV: development =======
2022-10-09 00:34:01 info: 🚀 App listening on the port 9090
2022-10-09 00:34:01 info: =================================
2022-10-09 00:34:02 info: ====== Connected to mongo cluster: donate ========
2022-10-09 00:34:02 info: =================================
2022-10-09 00:34:38 info: =================================
2022-10-09 00:34:38 info: ======= ENV: development =======
2022-10-09 00:34:38 info: 🚀 App listening on the port 9090
2022-10-09 00:34:38 info: =================================
2022-10-09 00:34:38 info: ====== Connected to mongo cluster: donate ========
2022-10-09 00:34:38 info: =================================
2022-10-09 00:59:06 info: =================================
2022-10-09 00:59:06 info: ======= ENV: development =======
2022-10-09 00:59:06 info: 🚀 App listening on the port 9090
2022-10-09 00:59:06 info: =================================
2022-10-09 01:01:55 info: =================================
2022-10-09 01:01:55 info: ======= ENV: development =======
2022-10-09 01:01:55 info: 🚀 App listening on the port 9090
2022-10-09 01:01:55 info: =================================
2022-10-09 01:01:57 info: ====== Connected to mongo cluster: donate ========
2022-10-09 01:01:57 info: =================================
2022-10-09 01:03:22 info: =================================
2022-10-09 01:03:22 info: ======= ENV: development =======
2022-10-09 01:03:22 info: 🚀 App listening on the port 9090
2022-10-09 01:03:22 info: =================================
2022-10-09 01:03:23 info: Connected to mongo cluster: donate
2022-10-09 01:03:23 info: =================================
2022-10-09 01:03:56 info: =================================
2022-10-09 01:03:56 info: ======= ENV: development =======
2022-10-09 01:03:56 info: 🚀 App listening on the port 9090
2022-10-09 01:03:56 info: =================================
2022-10-09 01:03:56 info: Connected to mongo cluster: donate
2022-10-09 01:03:56 info: =================================
2022-10-09 01:06:57 info: =================================
2022-10-09 01:06:57 info: ======= ENV: development =======
2022-10-09 01:06:57 info: 🚀 App listening on the port 9090
2022-10-09 01:06:57 info: =================================
2022-10-09 01:06:58 info: Connected to mongo cluster: donate
2022-10-09 01:06:58 info: =================================
2022-10-09 01:12:42 [33m info: =================================
2022-10-09 01:12:42 [33m info: ======= ENV: development =======
2022-10-09 01:12:42 [33m info: 🚀 App listening on the port 9090
2022-10-09 01:12:42 [33m info: =================================
2022-10-09 01:12:42 [33m info: Connected to mongo cluster: donate
2022-10-09 01:12:42 [33m info: =================================
2022-10-09 01:13:39 [0m info: =================================
2022-10-09 01:13:39 [0m info: ======= ENV: development =======
2022-10-09 01:13:39 [0m info: 🚀 App listening on the port 9090
2022-10-09 01:13:39 [0m info: =================================
2022-10-09 01:13:40 [0m info: Connected to mongo cluster: donate
2022-10-09 01:13:40 [0m info: =================================
2022-10-09 01:14:35 [10m info: =================================
2022-10-09 01:14:35 [10m info: ======= ENV: development =======
2022-10-09 01:14:35 [10m info: 🚀 App listening on the port 9090
2022-10-09 01:14:35 [10m info: =================================
2022-10-09 01:14:36 [10m info: Connected to mongo cluster: donate
2022-10-09 01:14:36 [10m info: =================================
2022-10-09 01:15:53 [33m INFO[0m : =================================
2022-10-09 01:15:53 [33m INFO[0m : ======= ENV: development =======
2022-10-09 01:15:53 [33m INFO[0m : 🚀 App listening on the port 9090
2022-10-09 01:15:53 [33m INFO[0m : =================================
2022-10-09 01:15:53 [33m INFO[0m : Connected to mongo cluster: donate
2022-10-09 01:15:53 [33m INFO[0m : =================================
2022-10-09 01:18:51 [94m INFO[0m : =================================
2022-10-09 01:18:51 [94m INFO[0m : ======= ENV: development =======
2022-10-09 01:18:51 [94m INFO[0m : 🚀 App listening on the port 9090
2022-10-09 01:18:51 [94m INFO[0m : =================================
2022-10-09 01:18:52 [94m INFO[0m : Connected to mongo cluster: donate
2022-10-09 01:18:52 [94m INFO[0m : =================================
2022-10-09 01:20:07 [94m INFO[0m : =================================
2022-10-09 01:20:07 [94m INFO[0m : ======= ENV: development =======
2022-10-09 01:20:07 [94m INFO[0m : 🚀 App listening on the port 9090
2022-10-09 01:20:07 [94m INFO[0m : =================================
2022-10-09 01:20:08 [94m INFO[0m : Connected to mongo cluster: donate
2022-10-09 01:20:08 [94m INFO[0m : =================================
2022-10-09 01:21:39 [94m INFO[0m : =================================
2022-10-09 01:21:40 [94m INFO[0m : ======= ENV: development =======
2022-10-09 01:21:40 [94m INFO[0m : 🚀 App listening on the port 9090
2022-10-09 01:21:40 [94m INFO[0m : =================================
2022-10-09 01:21:40 [94m INFO[0m : Connected to mongo cluster: donate
2022-10-09 01:21:40 [94m INFO[0m : =================================
2022-10-09 01:26:43 [94m INFO[0m : =================================
2022-10-09 01:26:43 [94m INFO[0m : ======= ENV: development =======
2022-10-09 01:26:43 [94m INFO[0m : 🚀 App listening on the port 9090
2022-10-09 01:26:43 [94m INFO[0m : =================================
2022-10-09 01:26:43 [94m INFO[0m : Connected to mongo cluster: donate
2022-10-09 01:26:43 [94m INFO[0m : =================================
2022-10-09 01:27:06 [94m INFO[0m : =================================
2022-10-09 01:27:06 [94m INFO[0m : ======= ENV: development =======
2022-10-09 01:27:06 [94m INFO[0m : 🚀 App listening on the port 9090
2022-10-09 01:27:06 [94m INFO[0m : =================================
2022-10-09 01:31:19 [94m INFO[0m : =================================
2022-10-09 01:31:19 [94m INFO[0m : ======= ENV: development =======
2022-10-09 01:31:19 [94m INFO[0m : 🚀 App listening on the port 9090
2022-10-09 01:31:19 [94m INFO[0m : =================================
2022-10-09 01:31:37 [94m INFO[0m : =================================
2022-10-09 01:31:37 [94m INFO[0m : ======= ENV: development =======
2022-10-09 01:31:37 [94m INFO[0m : 🚀 App listening on the port 9090
2022-10-09 01:31:37 [94m INFO[0m : =================================
2022-10-09 01:33:27 [94m INFO[0m : =================================
2022-10-09 01:33:27 [94m INFO[0m : ======= ENV: development =======
2022-10-09 01:33:27 [94m INFO[0m : 🚀 App listening on the port 9090
2022-10-09 01:33:27 [94m INFO[0m : =================================
2022-10-09 01:34:08 [94m INFO[0m : =================================
2022-10-09 01:34:08 [94m INFO[0m : ======= ENV: development =======
2022-10-09 01:34:08 [94m INFO[0m : 🚀 App listening on the port 9090
2022-10-09 01:34:08 [94m INFO[0m : =================================
2022-10-09 01:34:47 [94m INFO[0m : =================================
2022-10-09 01:34:47 [94m INFO[0m : ======= ENV: development =======
2022-10-09 01:34:47 [94m INFO[0m : 🚀 App listening on the port 9090
2022-10-09 01:34:47 [94m INFO[0m : =================================
2022-10-09 01:36:03 [94m INFO[0m : =================================
2022-10-09 01:36:03 [94m INFO[0m : ======= ENV: development =======
2022-10-09 01:36:03 [94m INFO[0m : 🚀 App listening on the port 9090
2022-10-09 01:36:03 [94m INFO[0m : =================================
2022-10-09 01:37:07 [94m INFO[0m : [0mGET /user [0m-[0m - ms - -[0m
2022-10-09 01:37:09 [94m INFO[0m : [0mGET /userr [33m404[0m 3.048 ms - 144[0m
2022-10-09 01:37:14 [94m INFO[0m : [0mGET /user [0m-[0m - ms - -[0m
2022-10-09 01:38:40 [94m INFO[0m : =================================
2022-10-09 01:38:40 [94m INFO[0m : ======= ENV: development =======
2022-10-09 01:38:40 [94m INFO[0m : 🚀 App listening on the port 9090
2022-10-09 01:38:40 [94m INFO[0m : =================================
2022-10-09 01:39:14 [94m INFO[0m : [0mGET /user [0m-[0m - ms - -[0m
2022-10-09 01:41:20 [94m INFO[0m : =================================
2022-10-09 01:41:20 [94m INFO[0m : ======= ENV: development =======
2022-10-09 01:41:20 [94m INFO[0m : 🚀 App listening on the port 9090
2022-10-09 01:41:20 [94m INFO[0m : =================================
2022-10-09 01:41:37 [94m ERROR[0m : [GET] /user >> StatusCode:: 500, Message:: not found
2022-10-09 01:41:37 [94m INFO[0m : [0mGET /user [31m500[0m 13.551 ms - 23[0m
2022-10-09 01:43:10 [94m INFO[0m : =================================
2022-10-09 01:43:10 [94m INFO[0m : ======= ENV: development =======
2022-10-09 01:43:10 [94m INFO[0m : 🚀 App listening on the port 9090
2022-10-09 01:43:10 [94m INFO[0m : =================================
2022-10-09 01:46:40 [94m INFO[0m : =================================
2022-10-09 01:46:40 [94m INFO[0m : ======= ENV: development =======
2022-10-09 01:46:40 [94m INFO[0m : 🚀 App listening on the port 9090
2022-10-09 01:46:40 [94m INFO[0m : =================================
2022-10-09 01:46:48 [94m INFO[0m : [0mGET /user [0m-[0m - ms - -[0m
2022-10-09 01:46:50 [94m ERROR[0m : [GET] /userr >> StatusCode:: 404, Message:: Route not found
2022-10-09 01:46:50 [94m INFO[0m : [0mGET /userr [33m404[0m 7.855 ms - 29[0m
2022-10-09 01:47:46 [94m INFO[0m : =================================
2022-10-09 01:47:46 [94m INFO[0m : ======= ENV: development =======
2022-10-09 01:47:46 [94m INFO[0m : 🚀 App listening on the port 9090
2022-10-09 01:47:46 [94m INFO[0m : =================================
2022-10-09 01:47:59 [94m ERROR[0m : [GET] /userr >> StatusCode:: 404, Message:: Route not found
2022-10-09 01:47:59 [94m INFO[0m : ::1 - - [08/Oct/2022:23:47:59 +0000] "GET /userr HTTP/1.1" 404 29 "-" "PostmanRuntime/7.29.2"
2022-10-09 01:50:35 [94m INFO[0m : =================================
2022-10-09 01:50:35 [94m INFO[0m : ======= ENV: development =======
2022-10-09 01:50:35 [94m INFO[0m : 🚀 App listening on the port 9090
2022-10-09 01:50:35 [94m INFO[0m : =================================
2022-10-09 01:50:43 [94m ERROR[0m : [GET] /userr >> StatusCode:: 404, Message:: Route not found
2022-10-09 01:50:43 [94m INFO[0m : ::1 - - [08/Oct/2022:23:50:43 +0000] "GET /userr HTTP/1.1" 404 29
2022-10-09 01:51:29 [94m INFO[0m : =================================
2022-10-09 01:51:30 [94m INFO[0m : ======= ENV: development =======
2022-10-09 01:51:30 [94m INFO[0m : 🚀 App listening on the port 9090
2022-10-09 01:51:30 [94m INFO[0m : =================================
2022-10-09 01:51:36 [94m ERROR[0m : [GET] /userr >> StatusCode:: 404, Message:: Route not found
2022-10-09 01:51:36 [94m INFO[0m : [0mGET /userr [33m404[0m 8.857 ms - 29[0m
2022-10-09 01:52:07 [94m INFO[0m : =================================
2022-10-09 01:52:07 [94m INFO[0m : ======= ENV: development =======
2022-10-09 01:52:07 [94m INFO[0m : 🚀 App listening on the port 9090
2022-10-09 01:52:07 [94m INFO[0m : =================================
2022-10-09 01:52:12 [94m ERROR[0m : [GET] /userr >> StatusCode:: 404, Message:: Route not found
2022-10-09 01:53:18 [94m INFO[0m : =================================
2022-10-09 01:53:18 [94m INFO[0m : ======= ENV: development =======
2022-10-09 01:53:18 [94m INFO[0m : 🚀 App listening on the port 9090
2022-10-09 01:53:18 [94m INFO[0m : =================================
2022-10-09 01:53:36 [94m ERROR[0m : [GET] /userr >> StatusCode:: 404, Message:: Route not found
2022-10-09 01:53:36 [94m INFO[0m : [0mGET /userr [33m404[0m 16.000 ms - 29[0m
2022-10-09 01:54:43 [94m INFO[0m : =================================
2022-10-09 01:54:44 [94m INFO[0m : ======= ENV: development =======
2022-10-09 01:54:44 [94m INFO[0m : 🚀 App listening on the port 9090
2022-10-09 01:54:44 [94m INFO[0m : =================================
2022-10-09 01:54:51 [94m ERROR[0m : [GET] /userr >> StatusCode:: 404, Message:: Route not found
2022-10-09 01:54:52 [94m INFO[0m : [0mGET /userr [33m404[0m 8.342 ms - 29[0m
2022-10-09 01:55:22 [94m INFO[0m : =================================
2022-10-09 01:55:22 [94m INFO[0m : ======= ENV: development =======
2022-10-09 01:55:22 [94m INFO[0m : 🚀 App listening on the port 9090
2022-10-09 01:55:22 [94m INFO[0m : =================================
2022-10-09 01:55:30 [31m ERROR[0m : [GET] /userr >> StatusCode:: 404, Message:: Route not found
2022-10-09 01:55:30 [94m INFO[0m : [0mGET /userr [33m404[0m 11.612 ms - 29[0m
2022-10-09 01:56:48 [94m INFO[0m : =================================
2022-10-09 01:56:48 [94m INFO[0m : ======= ENV: development =======
2022-10-09 01:56:48 [94m INFO[0m : 🚀 App listening on the port 9090
2022-10-09 01:56:48 [94m INFO[0m : =================================
2022-10-09 01:57:16 [94m INFO[0m : =================================
2022-10-09 01:57:16 [94m INFO[0m : ======= ENV: development =======
2022-10-09 01:57:16 [94m INFO[0m : 🚀 App listening on the port 9090
2022-10-09 01:57:16 [94m INFO[0m : =================================
2022-10-09 01:57:23 [31m ERROR[0m : [GET] /userr >> StatusCode:: 404, Message:: Route not found
2022-10-09 01:57:23 [94m INFO[0m : ::1 - - [08/Oct/2022:23:57:23 +0000] "GET /userr HTTP/1.1" 404 29 "-" "PostmanRuntime/7.29.2"
2022-10-09 01:58:03 [94m INFO[0m : =================================
2022-10-09 01:58:03 [94m INFO[0m : ======= ENV: development =======
2022-10-09 01:58:03 [94m INFO[0m : 🚀 App listening on the port 9090
2022-10-09 01:58:03 [94m INFO[0m : =================================
2022-10-09 01:58:26 [31m ERROR[0m : [GET] /userr >> StatusCode:: 404, Message:: Route not found
[2022-10-09 01:58:54] [94m INFO[0m : =================================
[2022-10-09 01:58:54] [94m INFO[0m : ======= ENV: development =======
[2022-10-09 01:58:54] [94m INFO[0m : 🚀 App listening on the port 9090
[2022-10-09 01:58:54] [94m INFO[0m : =================================
[2022-10-09 01:59:14] [94m INFO[0m : =================================
[2022-10-09 01:59:14] [94m INFO[0m : ======= ENV: development =======
[2022-10-09 01:59:14] [94m INFO[0m : 🚀 App listening on the port 9090
[2022-10-09 01:59:14] [94m INFO[0m : =================================
[2022-10-09 01:59:19] [31m ERROR[0m : [GET] /userr >> StatusCode:: 404, Message:: Route not found
[2022-10-09 01:59:26] [31m ERROR[0m : [GET] /userr >> StatusCode:: 404, Message:: Route not found
[2022-10-09 02:00:09] [94m INFO[0m : =================================
[2022-10-09 02:00:09] [94m INFO[0m : ======= ENV: development =======
[2022-10-09 02:00:09] [94m INFO[0m : 🚀 App listening on the port 9090
[2022-10-09 02:00:09] [94m INFO[0m : =================================
[2022-10-09 02:00:21] [31m ERROR[0m : [GET] /userr >> StatusCode:: 404, Message:: Route not found
[2022-10-09 02:00:21] [94m INFO[0m : [0mGET /userr [33m404[0m 10.463 ms - 29[0m
[2022-10-09 02:02:19] [94m INFO[0m : =================================
[2022-10-09 02:02:19] [94m INFO[0m : ======= ENV: development =======
[2022-10-09 02:02:19] [94m INFO[0m : 🚀 App listening on the port 9090
[2022-10-09 02:02:19] [94m INFO[0m : =================================
[2022-10-09 02:02:24] [94m INFO[0m : [0mGET /userr [33m404[0m 16.643 ms - 1380[0m
[2022-10-09 02:03:12] [94m INFO[0m : =================================
[2022-10-09 02:03:12] [94m INFO[0m : ======= ENV: development =======
[2022-10-09 02:03:12] [94m INFO[0m : 🚀 App listening on the port 9090
[2022-10-09 02:03:12] [94m INFO[0m : =================================
[2022-10-09 02:03:32] [31m ERROR[0m : [GET] /userr >> StatusCode:: 404, Message:: Route not found
[2022-10-09 02:03:32] [94m INFO[0m : [0mGET /userr [33m404[0m 12.660 ms - 29[0m
[2022-10-09 02:03:36] [94m INFO[0m : [0mGET /user [0m-[0m - ms - -[0m
[2022-10-09 02:04:39] [94m INFO[0m : =================================
[2022-10-09 02:04:39] [94m INFO[0m : ======= ENV: development =======
[2022-10-09 02:04:39] [94m INFO[0m : 🚀 App listening on the port 9090
[2022-10-09 02:04:39] [94m INFO[0m : =================================
[2022-10-09 02:04:40] [94m INFO[0m : Connected to mongo cluster: donate
[2022-10-09 02:04:40] [94m INFO[0m : =================================
[2022-10-09 02:04:48] [94m INFO[0m : [0mGET /user [32m200[0m 62.356 ms - 107[0m
[2022-10-09 02:20:55] [94m INFO[0m : =================================
[2022-10-09 02:20:55] [94m INFO[0m : ======= ENV: development =======
[2022-10-09 02:20:55] [94m INFO[0m : 🚀 App listening on the port 9090
[2022-10-09 02:20:55] [94m INFO[0m : =================================
[2022-10-09 02:20:56] [94m INFO[0m : Connected to mongo cluster: donate
[2022-10-09 02:20:56] [94m INFO[0m : =================================
[2022-10-09 02:25:18] [94m INFO[0m : =================================
[2022-10-09 02:25:18] [94m INFO[0m : ======= ENV: development =======
[2022-10-09 02:25:18] [94m INFO[0m : 🚀 App listening on the port 9090
[2022-10-09 02:25:18] [94m INFO[0m : =================================
[2022-10-09 02:25:19] [94m INFO[0m : Connected to mongo cluster: donate
[2022-10-09 02:25:19] [94m INFO[0m : =================================
[2022-10-09 02:25:57] [94m INFO[0m : =================================
[2022-10-09 02:25:57] [94m INFO[0m : ======= ENV: development =======
[2022-10-09 02:25:57] [94m INFO[0m : 🚀 App listening on the port 9090
[2022-10-09 02:25:57] [94m INFO[0m : =================================
[2022-10-09 02:25:58] [94m INFO[0m : Connected to mongo cluster: donate
[2022-10-09 02:25:58] [94m INFO[0m : =================================
[2022-10-09 02:26:01] [31m ERROR[0m : [POST] /user >> StatusCode:: 422, Message:: "Firstname" is required
[2022-10-09 02:26:01] [94m INFO[0m : [0mPOST /user [33m422[0m 16.036 ms - 39[0m
[2022-10-09 02:26:28] [94m INFO[0m : [0mPOST /user [32m200[0m 74.951 ms - 136[0m
[2022-10-09 02:27:21] [31m ERROR[0m : [POST] /user >> StatusCode:: 422, Message:: "Firstname" length must be at least 2 characters long
[2022-10-09 02:27:21] [94m INFO[0m : [0mPOST /user [33m422[0m 4.814 ms - 69[0m
[2022-10-09 02:30:36] [94m INFO[0m : =================================
[2022-10-09 02:30:36] [94m INFO[0m : ======= ENV: development =======
[2022-10-09 02:30:36] [94m INFO[0m : 🚀 App listening on the port 9090
[2022-10-09 02:30:36] [94m INFO[0m : =================================
[2022-10-09 02:30:37] [94m INFO[0m : Connected to mongo cluster: donate
[2022-10-09 02:30:37] [94m INFO[0m : =================================
[2022-10-09 14:45:34] [94m INFO[0m : =================================
[2022-10-09 14:45:34] [94m INFO[0m : ======= ENV: development =======
[2022-10-09 14:45:34] [94m INFO[0m : 🚀 App listening on the port 9090
[2022-10-09 14:45:34] [94m INFO[0m : =================================
[2022-10-09 14:45:34] [94m INFO[0m : Connected to mongo cluster: donate
[2022-10-09 14:45:34] [94m INFO[0m : =================================
[2022-10-09 20:25:12] [94m INFO[0m : =================================
[2022-10-09 20:25:12] [94m INFO[0m : ======= ENV: development =======
[2022-10-09 20:25:12] [94m INFO[0m : 🚀 App listening on the port 9090
[2022-10-09 20:25:12] [94m INFO[0m : =================================
[2022-10-09 20:25:13] [94m INFO[0m : Connected to mongo cluster: donate
[2022-10-09 20:25:13] [94m INFO[0m : =================================
[2022-10-09 20:27:54] [94m INFO[0m : =================================
[2022-10-09 20:27:55] [94m INFO[0m : ======= ENV: development =======
[2022-10-09 20:27:55] [94m INFO[0m : 🚀 App listening on the port 9090
[2022-10-09 20:27:55] [94m INFO[0m : =================================
[2022-10-09 20:27:55] [94m INFO[0m : Connected to mongo cluster: donate
[2022-10-09 20:27:55] [94m INFO[0m : ==================================
[2022-10-09 20:28:33] [94m INFO[0m : Connected to mongo cluster: donate
[2022-10-09 20:28:33] [94m INFO[0m : ==================================
[2022-10-09 20:30:11] [94m INFO[0m : Connected to mongo cluster: donate
[2022-10-09 20:30:11] [94m INFO[0m : ==================================
[2022-10-09 20:44:36] [94m INFO[0m : Connected to mongo cluster: donate
[2022-10-09 20:44:36] [94m INFO[0m : ==================================
[2022-10-09 20:50:20] [94m INFO[0m : ==================================
[2022-10-09 20:50:20] [94m INFO[0m : ======= ENV: development =========
[2022-10-09 20:50:20] [94m INFO[0m :  🚀 App listening on the port 9090  
[2022-10-09 20:50:20] [94m INFO[0m : ==================================
[2022-10-09 20:50:21] [94m INFO[0m : Connected to mongo cluster: donate
[2022-10-09 20:50:21] [94m INFO[0m : ==================================
